#
# A fatal error has been detected by the Java Runtime Environment:
#
#  EXCEPTION_ACCESS_VIOLATION (0xc0000005) at pc=0x5d03901a, pid=7456, tid=0x0000197c
#
# JRE version: Java(TM) SE Runtime Environment (8.0_101-b13) (build 1.8.0_101-b13)
# Java VM: Java HotSpot(TM) Client VM (25.101-b13 mixed mode windows-x86 )
# Problematic frame:
# C  [GooglePinyin2.ime+0x9901a]
#
# Failed to write core dump. Minidumps are not enabled by default on client versions of Windows
#
# If you would like to submit a bug report, please visit:
#   http://bugreport.java.com/bugreport/crash.jsp
# The crash happened outside the Java Virtual Machine in native code.
# See problematic frame for where to report the bug.
#

---------------  T H R E A D  ---------------

Current thread (0x14823000):  JavaThread "AWT-Windows" daemon [_thread_in_native, id=6524, stack(0x15330000,0x15380000)]

siginfo: ExceptionCode=0xc0000005, reading address 0x00000004

Registers:
EAX=0x1cc0c300, EBX=0x00000002, ECX=0x00000002, EDX=0x00000000
ESP=0x1537f060, EBP=0x1537f0a4, ESI=0x1cc0c300, EDI=0x19db22a8
EIP=0x5d03901a, EFLAGS=0x00010246

Top of Stack: (sp=0x1537f060)
0x1537f060:   00000002 00000001 1cc0c300 00000002
0x1537f070:   5d0365a3 0066035a 1cc0c300 00000111
0x1537f080:   00000002 0066035a 5d036ba2 1cc0c300
0x1537f090:   1537f0a4 00000111 0066035a 1537f0d0
0x1537f0a0:   00000001 00000000 76c38203 0066035a
0x1537f0b0:   00000111 00000002 0066035a 0066035a
0x1537f0c0:   dcbaabcd 00000001 00000111 0066035a
0x1537f0d0:   1537f1a8 76c0e5d8 5d036b50 0066035a 

Instructions: (pc=0x5d03901a)
0x5d038ffa:   c4 0c c3 83 c8 ff 83 c4 0c c3 cc cc cc cc cc cc
0x5d03900a:   cc cc cc cc cc cc 51 56 57 8b 78 04 8b 57 50 51
0x5d03901a:   8b 4a 04 e8 ce 9d ff ff 85 c0 74 32 8b 70 1c 85
0x5d03902a:   f6 74 2b 83 78 14 10 72 02 8b 00 8b c8 e8 94 a3 


Register to memory mapping:

EAX=0x1cc0c300 is an unknown value
EBX=0x00000002 is an unknown value
ECX=0x00000002 is an unknown value
EDX=0x00000000 is an unknown value
ESP=0x1537f060 is pointing into the stack for thread: 0x14823000
EBP=0x1537f0a4 is pointing into the stack for thread: 0x14823000
ESI=0x1cc0c300 is an unknown value
EDI=0x19db22a8 is an unknown value


Stack: [0x15330000,0x15380000],  sp=0x1537f060,  free space=316k
Native frames: (J=compiled Java code, j=interpreted, Vv=VM code, C=native code)
C  [GooglePinyin2.ime+0x9901a]
C  [USER32.dll+0x38203]

Java frames: (J=compiled Java code, j=interpreted, Vv=VM code)
j  sun.awt.windows.WToolkit.eventLoop()V+0
j  sun.awt.windows.WToolkit.run()V+58
j  java.lang.Thread.run()V+11
v  ~StubRoutines::call_stub

---------------  P R O C E S S  ---------------

Java Threads: ( => current thread )
  0x19152c00 JavaThread "Thread-0" daemon [_thread_in_native, id=8120, stack(0x20ac0000,0x20b10000)]
  0x01f2c400 JavaThread "DestroyJavaVM" [_thread_blocked, id=7520, stack(0x01eb0000,0x01f00000)]
  0x14850400 JavaThread "AWT-EventQueue-0" [_thread_blocked, id=7212, stack(0x19680000,0x196d0000)]
  0x1484f000 JavaThread "Thread-1" [_thread_blocked, id=7020, stack(0x19630000,0x19680000)]
=>0x14823000 JavaThread "AWT-Windows" daemon [_thread_in_native, id=6524, stack(0x15330000,0x15380000)]
  0x14822800 JavaThread "AWT-Shutdown" [_thread_blocked, id=6504, stack(0x152e0000,0x15330000)]
  0x14821400 JavaThread "Java2D Disposer" daemon [_thread_blocked, id=7032, stack(0x15290000,0x152e0000)]
  0x14775c00 JavaThread "Monitor Ctrl-Break" daemon [_thread_in_native, id=7320, stack(0x14ce0000,0x14d30000)]
  0x1468a000 JavaThread "Service Thread" daemon [_thread_blocked, id=7444, stack(0x14c30000,0x14c80000)]
  0x14699400 JavaThread "C1 CompilerThread0" daemon [_thread_blocked, id=5772, stack(0x14be0000,0x14c30000)]
  0x14698400 JavaThread "Attach Listener" daemon [_thread_blocked, id=5080, stack(0x14b90000,0x14be0000)]
  0x14696000 JavaThread "Signal Dispatcher" daemon [_thread_blocked, id=1004, stack(0x14b40000,0x14b90000)]
  0x14679400 JavaThread "Finalizer" daemon [_thread_blocked, id=7292, stack(0x148b0000,0x14900000)]
  0x14663400 JavaThread "Reference Handler" daemon [_thread_blocked, id=6612, stack(0x14860000,0x148b0000)]

Other Threads:
  0x0202c800 VMThread [stack: 0x041a0000,0x041f0000] [id=7660]
  0x14693800 WatcherThread [stack: 0x14c80000,0x14cd0000] [id=5008]

VM state:not at safepoint (normal execution)

VM Mutex/Monitor currently owned by a thread: None

Heap:
 def new generation   total 4928K, used 4893K [0x04200000, 0x04750000, 0x09750000)
  eden space 4416K,  99% used [0x04200000, 0x04647648, 0x04650000)
  from space 512K, 100% used [0x046d0000, 0x04750000, 0x04750000)
  to   space 512K,   0% used [0x04650000, 0x04650000, 0x046d0000)
 tenured generation   total 10944K, used 597K [0x09750000, 0x0a200000, 0x14200000)
   the space 10944K,   5% used [0x09750000, 0x097e55f0, 0x097e5600, 0x0a200000)
 Metaspace       used 5358K, capacity 5552K, committed 5632K, reserved 6528K

Card table byte_map: [0x040b0000,0x04140000] byte_map_base: 0x0408f000

Polling page: 0x01e90000

CodeCache: size=32768Kb used=1305Kb max_used=1305Kb free=31462Kb
 bounds [0x02030000, 0x02178000, 0x04030000]
 total_blobs=761 nmethods=556 adapters=136
 compilation: enabled

Compilation events (10 events):
Event: 11.697 Thread 0x14699400  552             java.util.HashMap::afterNodeAccess (1 bytes)
Event: 11.697 Thread 0x14699400 nmethod 552 0x021757c8 code [0x021758c0, 0x02175940]
Event: 13.257 Thread 0x14699400  553             javax.swing.SwingUtilities::computeUnion (149 bytes)
Event: 13.257 Thread 0x14699400 nmethod 553 0x02175c88 code [0x02175d80, 0x02175e60]
Event: 13.284 Thread 0x14699400  554             java.util.concurrent.locks.AbstractQueuedSynchronizer$ConditionObject::signalAll (33 bytes)
Event: 13.285 Thread 0x14699400 nmethod 554 0x02175ec8 code [0x02175fe0, 0x02176114]
Event: 13.300 Thread 0x14699400  555             java.awt.event.InvocationEvent::<init> (13 bytes)
Event: 13.301 Thread 0x14699400 nmethod 555 0x021761c8 code [0x021762c0, 0x0217637c]
Event: 13.785 Thread 0x14699400  556             java.util.concurrent.locks.AbstractQueuedSynchronizer$Node::<init> (15 bytes)
Event: 13.786 Thread 0x14699400 nmethod 556 0x02176408 code [0x02176500, 0x021765a0]

GC Heap History (2 events):
Event: 3.865 GC heap before
{Heap before GC invocations=0 (full 0):
 def new generation   total 4928K, used 4416K [0x04200000, 0x04750000, 0x09750000)
  eden space 4416K, 100% used [0x04200000, 0x04650000, 0x04650000)
  from space 512K,   0% used [0x04650000, 0x04650000, 0x046d0000)
  to   space 512K,   0% used [0x046d0000, 0x046d0000, 0x04750000)
 tenured generation   total 10944K, used 0K [0x09750000, 0x0a200000, 0x14200000)
   the space 10944K,   0% used [0x09750000, 0x09750000, 0x09750200, 0x0a200000)
 Metaspace       used 5348K, capacity 5520K, committed 5632K, reserved 6528K
Event: 3.883 GC heap after
Heap after GC invocations=1 (full 0):
 def new generation   total 4928K, used 512K [0x04200000, 0x04750000, 0x09750000)
  eden space 4416K,   0% used [0x04200000, 0x04200000, 0x04650000)
  from space 512K, 100% used [0x046d0000, 0x04750000, 0x04750000)
  to   space 512K,   0% used [0x04650000, 0x04650000, 0x046d0000)
 tenured generation   total 10944K, used 597K [0x09750000, 0x0a200000, 0x14200000)
   the space 10944K,   5% used [0x09750000, 0x097e55f0, 0x097e5600, 0x0a200000)
 Metaspace       used 5348K, capacity 5520K, committed 5632K, reserved 6528K
}

Deoptimization events (0 events):
No events

Internal exceptions (10 events):
Event: 0.145 Thread 0x01f2c400 Exception <a 'java/lang/NoSuchMethodError': Method sun.misc.Unsafe.defineClass(Ljava/lang/String;[BII)Ljava/lang/Class; name or signature does not match> (0x04206ea8) thrown at [C:\re\workspace\8-2-build-windows-i586-cygwin\jdk8u101\7261\hotspot\src\share\<z°’¢Â?
Event: 0.146 Thread 0x01f2c400 Exception <a 'java/lang/NoSuchMethodError': Method sun.misc.Unsafe.prefetchRead(Ljava/lang/Object;J)V name or signature does not match> (0x04207178) thrown at [C:\re\workspace\8-2-build-windows-i586-cygwin\jdk8u101\7261\hotspot\src\share\vm\prims\jni.cpp, „Í<ã?
Event: 0.594 Thread 0x01f2c400 Exception <a 'java/security/PrivilegedActionException'> (0x042cca80) thrown at [C:\re\workspace\8-2-build-windows-i586-cygwin\jdk8u101\7261\hotspot\src\share\vm\prims\jvm.cpp, line 1386]
Event: 0.594 Thread 0x01f2c400 Exception <a 'java/security/PrivilegedActionException'> (0x042ccc80) thrown at [C:\re\workspace\8-2-build-windows-i586-cygwin\jdk8u101\7261\hotspot\src\share\vm\prims\jvm.cpp, line 1386]
Event: 0.611 Thread 0x01f2c400 Exception <a 'java/security/PrivilegedActionException'> (0x042d0728) thrown at [C:\re\workspace\8-2-build-windows-i586-cygwin\jdk8u101\7261\hotspot\src\share\vm\prims\jvm.cpp, line 1386]
Event: 0.611 Thread 0x01f2c400 Exception <a 'java/security/PrivilegedActionException'> (0x042d0928) thrown at [C:\re\workspace\8-2-build-windows-i586-cygwin\jdk8u101\7261\hotspot\src\share\vm\prims\jvm.cpp, line 1386]
Event: 0.650 Thread 0x01f2c400 Exception <a 'java/io/FileNotFoundException'> (0x042d27e8) thrown at [C:\re\workspace\8-2-build-windows-i586-cygwin\jdk8u101\7261\hotspot\src\share\vm\prims\jni.cpp, line 709]
Event: 0.834 Thread 0x01f2c400 Exception <a 'java/lang/NoSuchFieldError': method resolution failed> (0x043a34a8) thrown at [C:\re\workspace\8-2-build-windows-i586-cygwin\jdk8u101\7261\hotspot\src\share\vm\prims\methodHandles.cpp, line 1146]
Event: 0.842 Thread 0x01f2c400 Exception <a 'java/lang/NoSuchFieldError': method resolution failed> (0x043af860) thrown at [C:\re\workspace\8-2-build-windows-i586-cygwin\jdk8u101\7261\hotspot\src\share\vm\prims\methodHandles.cpp, line 1146]
Event: 1.035 Thread 0x01f2c400 Exception <a 'java/io/FileNotFoundException'> (0x04435a88) thrown at [C:\re\workspace\8-2-build-windows-i586-cygwin\jdk8u101\7261\hotspot\src\share\vm\prims\jni.cpp, line 709]

Events (10 events):
Event: 13.254 loading class java/awt/event/MouseWheelEvent
Event: 13.254 loading class java/awt/event/MouseWheelEvent done
Event: 13.255 loading class java/awt/AWTEvent$2
Event: 13.255 loading class java/awt/AWTEvent$2 done
Event: 13.255 loading class sun/reflect/UnsafeBooleanFieldAccessorImpl
Event: 13.255 loading class sun/reflect/UnsafeBooleanFieldAccessorImpl done
Event: 14.071 Thread 0x19150400 Thread added: 0x19150400
Event: 14.071 Thread 0x19152c00 Thread added: 0x19152c00
Event: 14.073 Thread 0x1485e000 Thread exited: 0x1485e000
Event: 14.073 Thread 0x19150400 Thread exited: 0x19150400


Dynamic libraries:
0x009c0000 - 0x009f3000 	C:\Program Files\Java\jdk1.8.0_101\bin\java.exe
0x774e0000 - 0x77665000 	C:\WINDOWS\SYSTEM32\ntdll.dll
0x753a0000 - 0x75436000 	C:\WINDOWS\System32\KERNEL32.DLL
0x744a0000 - 0x74647000 	C:\WINDOWS\System32\KERNELBASE.dll
0x72a20000 - 0x72ab2000 	C:\WINDOWS\system32\apphelp.dll
0x74e70000 - 0x74ee7000 	C:\WINDOWS\System32\ADVAPI32.dll
0x76870000 - 0x7692e000 	C:\WINDOWS\System32\msvcrt.dll
0x76a40000 - 0x76a81000 	C:\WINDOWS\System32\sechost.dll
0x77180000 - 0x77243000 	C:\WINDOWS\System32\RPCRT4.dll
0x76c00000 - 0x76d49000 	C:\WINDOWS\System32\USER32.dll
0x74d40000 - 0x74d59000 	C:\WINDOWS\System32\win32u.dll
0x77470000 - 0x7749b000 	C:\WINDOWS\System32\GDI32.dll
0x74340000 - 0x7449a000 	C:\WINDOWS\System32\gdi32full.dll
0x69b00000 - 0x69d0a000 	C:\WINDOWS\WinSxS\x86_microsoft.windows.common-controls_6595b64144ccf1df_6.0.14393.0_none_74bc87d3d22d9abe\COMCTL32.dll
0x77250000 - 0x77461000 	C:\WINDOWS\System32\combase.dll
0x74090000 - 0x74170000 	C:\WINDOWS\System32\ucrtbase.dll
0x742e0000 - 0x7433a000 	C:\WINDOWS\System32\bcryptPrimitives.dll
0x774b0000 - 0x774d6000 	C:\WINDOWS\System32\IMM32.DLL
0x70050000 - 0x7010f000 	C:\Program Files\Java\jdk1.8.0_101\jre\bin\msvcr100.dll
0x5d580000 - 0x5d94c000 	C:\Program Files\Java\jdk1.8.0_101\jre\bin\client\jvm.dll
0x74e60000 - 0x74e66000 	C:\WINDOWS\System32\PSAPI.DLL
0x707f0000 - 0x707f8000 	C:\WINDOWS\SYSTEM32\WSOCK32.dll
0x76ee0000 - 0x76f43000 	C:\WINDOWS\System32\WS2_32.dll
0x72550000 - 0x72574000 	C:\WINDOWS\SYSTEM32\WINMM.dll
0x70f10000 - 0x70f18000 	C:\WINDOWS\SYSTEM32\VERSION.dll
0x72350000 - 0x72373000 	C:\WINDOWS\SYSTEM32\WINMMBASE.dll
0x74d60000 - 0x74d96000 	C:\WINDOWS\System32\cfgmgr32.dll
0x704c0000 - 0x704cc000 	C:\Program Files\Java\jdk1.8.0_101\jre\bin\verify.dll
0x6f090000 - 0x6f0b1000 	C:\Program Files\Java\jdk1.8.0_101\jre\bin\java.dll
0x70190000 - 0x701a3000 	C:\Program Files\Java\jdk1.8.0_101\jre\bin\zip.dll
0x75490000 - 0x76867000 	C:\WINDOWS\System32\SHELL32.dll
0x747d0000 - 0x74d3e000 	C:\WINDOWS\System32\windows.storage.dll
0x74040000 - 0x74085000 	C:\WINDOWS\System32\powrprof.dll
0x75440000 - 0x75486000 	C:\WINDOWS\System32\shlwapi.dll
0x74020000 - 0x7402d000 	C:\WINDOWS\System32\kernel.appcore.dll
0x76dc0000 - 0x76e48000 	C:\WINDOWS\System32\shcore.dll
0x74010000 - 0x7401f000 	C:\WINDOWS\System32\profapi.dll
0x14cd0000 - 0x14cd7000 	C:\Program Files\JetBrains\IntelliJ IDEA Community Edition 2016.2.4\bin\breakgen.dll
0x70030000 - 0x70046000 	C:\Program Files\Java\jdk1.8.0_101\jre\bin\net.dll
0x73810000 - 0x73860000 	C:\WINDOWS\system32\mswsock.dll
0x5a450000 - 0x5a595000 	C:\Program Files\Java\jdk1.8.0_101\jre\bin\awt.dll
0x75300000 - 0x75394000 	C:\WINDOWS\System32\OLEAUT32.dll
0x74170000 - 0x741eb000 	C:\WINDOWS\System32\msvcp_win.dll
0x72310000 - 0x7232f000 	C:\WINDOWS\system32\DWMAPI.DLL
0x72b90000 - 0x72c0a000 	C:\WINDOWS\system32\uxtheme.dll
0x76f50000 - 0x77086000 	C:\WINDOWS\System32\MSCTF.dll
0x76950000 - 0x76a3a000 	C:\WINDOWS\System32\ole32.dll
0x534a0000 - 0x535ff000 	C:\WINDOWS\system32\d3d9.dll
0x70f80000 - 0x71066000 	C:\WINDOWS\SYSTEM32\aticfx32.dll
0x6c7d0000 - 0x6c7db000 	C:\WINDOWS\SYSTEM32\atiu9pag.dll
0x156c0000 - 0x15cbb000 	C:\WINDOWS\SYSTEM32\atiumdag.dll
0x51c40000 - 0x520d2000 	C:\WINDOWS\SYSTEM32\atiumdva.dll
0x5fb90000 - 0x5fbc9000 	C:\Program Files\Java\jdk1.8.0_101\jre\bin\fontmanager.dll
0x76e50000 - 0x76ed4000 	C:\WINDOWS\System32\clbcatq.dll
0x5cfa0000 - 0x5d2fa000 	C:\WINDOWS\SYSTEM32\GooglePinyin2.ime
0x74650000 - 0x747cd000 	C:\WINDOWS\System32\CRYPT32.dll
0x74030000 - 0x7403e000 	C:\WINDOWS\System32\MSASN1.dll
0x74290000 - 0x742d3000 	C:\WINDOWS\System32\WINTRUST.dll
0x59170000 - 0x59187000 	C:\WINDOWS\SYSTEM32\USP10.dll
0x6fa00000 - 0x6fa06000 	C:\WINDOWS\SYSTEM32\MSIMG32.dll
0x6aa90000 - 0x6acb5000 	C:\WINDOWS\SYSTEM32\WININET.dll
0x6d0a0000 - 0x6d209000 	C:\WINDOWS\WinSxS\x86_microsoft.windows.gdiplus_6595b64144ccf1df_1.1.14393.187_none_bab139cc35912856\gdiplus.dll
0x67f10000 - 0x68055000 	C:\WINDOWS\SYSTEM32\dbghelp.dll
0x525e0000 - 0x52857000 	C:\WINDOWS\AppPatch\AcLayers.DLL
0x74ef0000 - 0x752fb000 	C:\WINDOWS\System32\SETUPAPI.dll
0x64d50000 - 0x64d66000 	C:\WINDOWS\SYSTEM32\MPR.dll
0x19c40000 - 0x19c43000 	C:\WINDOWS\SYSTEM32\sfc.dll
0x58850000 - 0x588ba000 	C:\WINDOWS\SYSTEM32\WINSPOOL.DRV
0x73ee0000 - 0x73efd000 	C:\WINDOWS\SYSTEM32\bcrypt.dll
0x652c0000 - 0x652cf000 	C:\WINDOWS\SYSTEM32\sfc_os.DLL
0x73d70000 - 0x73d93000 	C:\WINDOWS\SYSTEM32\SspiCli.dll
0x67ea0000 - 0x67ec5000 	C:\WINDOWS\SYSTEM32\dbgcore.DLL
0x735c0000 - 0x735e8000 	C:\WINDOWS\SYSTEM32\ntmarta.dll
0x65e60000 - 0x65feb000 	C:\WINDOWS\System32\msxml3.dll
0x71de0000 - 0x71f4e000 	C:\WINDOWS\SYSTEM32\WindowsCodecs.dll
0x6a850000 - 0x6aa45000 	C:\WINDOWS\SYSTEM32\DWrite.dll

VM Arguments:
jvm_args: -Didea.launcher.port=7532 -Didea.launcher.bin.path=C:\Program Files\JetBrains\IntelliJ IDEA Community Edition 2016.2.4\bin -Dfile.encoding=UTF-8 
java_command: com.intellij.rt.execution.application.AppMain Main
java_class_path (initial): C:\Program Files\Java\jdk1.8.0_101\jre\lib\charsets.jar;C:\Program Files\Java\jdk1.8.0_101\jre\lib\deploy.jar;C:\Program Files\Java\jdk1.8.0_101\jre\lib\ext\access-bridge.jar;C:\Program Files\Java\jdk1.8.0_101\jre\lib\ext\cldrdata.jar;C:\Program Files\Java\jdk1.8.0_101\jre\lib\ext\dnsns.jar;C:\Program Files\Java\jdk1.8.0_101\jre\lib\ext\jaccess.jar;C:\Program Files\Java\jdk1.8.0_101\jre\lib\ext\jfxrt.jar;C:\Program Files\Java\jdk1.8.0_101\jre\lib\ext\localedata.jar;C:\Program Files\Java\jdk1.8.0_101\jre\lib\ext\nashorn.jar;C:\Program Files\Java\jdk1.8.0_101\jre\lib\ext\sunec.jar;C:\Program Files\Java\jdk1.8.0_101\jre\lib\ext\sunjce_provider.jar;C:\Program Files\Java\jdk1.8.0_101\jre\lib\ext\sunmscapi.jar;C:\Program Files\Java\jdk1.8.0_101\jre\lib\ext\sunpkcs11.jar;C:\Program Files\Java\jdk1.8.0_101\jre\lib\ext\zipfs.jar;C:\Program Files\Java\jdk1.8.0_101\jre\lib\javaws.jar;C:\Program Files\Java\jdk1.8.0_101\jre\lib\jce.jar;C:\Program Files\Java\jdk1.8.0_101\jre\lib\jfr.jar;C:\Program Files\Java\jdk1.8.0_101\jre\lib\jfxswt.jar;C:\Program Files\Java\jdk1.8.0_101\jre\lib\jsse.jar;C:\Program Files\Java\jdk1.8.0_101\jre\lib\management-agent.jar;C:\Program Files\Java\jdk1.8.0_101\jre\lib\plugin.jar;C:\Program Files\Java\jdk1.8.0_101\jre\lib\resources.jar;C:\Program Files\Java\jdk1.8.0_101\jre\lib\rt.jar;C:\Users\eugen\IdeaProjects\Testing\out\production\Testing;C:\Program Files\JetBrains\IntelliJ IDEA Community Edition 2016.2.4\lib\idea_rt.jar
Launcher Type: SUN_STANDARD

Environment Variables:
PATH=C:\ProgramData\Oracle\Java\javapath;C:\WINDOWS\system32;C:\WINDOWS;C:\WINDOWS\System32\Wbem;C:\WINDOWS\System32\WindowsPowerShell\v1.0\;C:\Program Files\Windows Live\Shared;C:\Program Files\Git\cmd;C:\Users\eugen\AppData\Local\Microsoft\WindowsApps;
USERNAME=eugen
OS=Windows_NT
PROCESSOR_IDENTIFIER=x86 Family 16 Model 6 Stepping 3, AuthenticAMD



---------------  S Y S T E M  ---------------

OS: Windows 10.0 Build 14393 (10.0.14393.0)

CPU:total 2 (2 cores per cpu, 1 threads per core) family 16 model 6 stepping 3, cmov, cx8, fxsr, mmx, sse, sse2, sse3, popcnt, mmxext, 3dnowpref, lzcnt, sse4a, tsc, tscinvbit, tscinv

Memory: 4k page, physical 3664788k(1335568k free), swap 4516756k(1570200k free)

vm_info: Java HotSpot(TM) Client VM (25.101-b13) for windows-x86 JRE (1.8.0_101-b13), built on Jun 22 2016 00:45:44 by "java_re" with MS VC++ 10.0 (VS2010)

time: Wed Sep 21 01:30:48 2016
elapsed time: 14 seconds (0d 0h 0m 14s)

